<?xml version="1.0" encoding="UTF-8"?>
<!-- Generated by org.testng.reporters.JUnitXMLReporter -->
<testsuite hostname="AR-NB-112" ignored="2" name="Cualquier nombre" tests="2" failures="0" timestamp="28 dic 2018 11:53:25 GMT" time="0.072" errors="0">
  <testcase name="dos" time="0.016" classname="prueba.NewTest"/>
  <testcase name="uno" time="0.0" classname="prueba.NewTest"/>
  <testcase name="f" time="0.0" classname="prueba.NewTest">
    <ignored/>
  </testcase> <!-- f -->
  <testcase name="tres" time="0.0" classname="prueba.NewTest">
    <ignored/>
  </testcase> <!-- tres -->
</testsuite> <!-- Cualquier nombre -->
